[debug] [2022-12-27T15:35:22.632Z] ----------------------------------------------------------------------
[debug] [2022-12-27T15:35:22.634Z] Command:       C:\Program Files\nodejs\node.exe C:\Users\Manas Tripathi\AppData\Roaming\npm\node_modules\firebase-tools\lib\bin\firebase.js init
[debug] [2022-12-27T15:35:22.634Z] CLI Version:   11.16.0
[debug] [2022-12-27T15:35:22.634Z] Platform:      win32
[debug] [2022-12-27T15:35:22.634Z] Node Version:  v18.12.0
[debug] [2022-12-27T15:35:22.634Z] Time:          Tue Dec 27 2022 21:05:22 GMT+0530 (India Standard Time)
[debug] [2022-12-27T15:35:22.635Z] ----------------------------------------------------------------------
[debug] 
[debug] [2022-12-27T15:35:22.676Z] > command requires scopes: ["email","openid","https://www.googleapis.com/auth/cloudplatformprojects.readonly","https://www.googleapis.com/auth/firebase","https://www.googleapis.com/auth/cloud-platform"]
[debug] [2022-12-27T15:35:22.676Z] > authorizing via signed-in user (manastripathi.m@gmail.com)
[info] 
     ######## #### ########  ######## ########     ###     ######  ########
     ##        ##  ##     ## ##       ##     ##  ##   ##  ##       ##
     ######    ##  ########  ######   ########  #########  ######  ######
     ##        ##  ##    ##  ##       ##     ## ##     ##       ## ##
     ##       #### ##     ## ######## ########  ##     ##  ######  ########

You're about to initialize a Firebase project in this directory:

  C:\Users\Manas Tripathi\Documents\Alpha\coding\js\amazon\amazon (mark1)(untampered)

Before we get started, keep in mind:

  * You are initializing within an existing Firebase project directory

[info] 
=== Project Setup
[info] 
[info] First, let's associate this project directory with a Firebase project.
[info] You can create multiple project aliases by running firebase use --add, 
[info] but for now we'll just set up a default project.
[info] 
[debug] [2022-12-27T15:35:47.715Z] Using project from CLI flag: fir-b9562
[debug] [2022-12-27T15:35:47.717Z] >>> [apiv2][query] GET https://firebase.googleapis.com/v1beta1/projects/fir-b9562 [none]
[debug] [2022-12-27T15:35:48.304Z] <<< [apiv2][status] GET https://firebase.googleapis.com/v1beta1/projects/fir-b9562 200
[debug] [2022-12-27T15:35:48.304Z] <<< [apiv2][body] GET https://firebase.googleapis.com/v1beta1/projects/fir-b9562 {"projectId":"fir-b9562","projectNumber":"1029183631920","displayName":"amazon","name":"projects/fir-b9562","resources":{"hostingSite":"fir-b9562","storageBucket":"fir-b9562.appspot.com","locationId":"asia-south1"},"state":"ACTIVE","etag":"1_0a957bd6-f3aa-4460-9532-d232f1e2d92d"}
[info] i  Using project fir-b9562 (amazon) 
[info] 
=== Hosting Setup
[info] 
[info] Your public directory is the folder (relative to your project directory) that
[info] will contain Hosting assets to be uploaded with firebase deploy. If you
[info] have a build process for your assets, use your build's output directory.
[info] 
